生成启动时间为 2018/5/19 0:12:10。
     1>项目“F:\！\操作系统\实验\1\4\4\4.vcxproj”在节点 2 上(build 个目标)。
     1>PrepareForBuild:
         正在创建目录“F:\！\操作系统\实验\1\4\Debug\”。
       InitializeBuildStatus:
         正在创建“Debug\4.unsuccessfulbuild”，因为已指定“AlwaysCreate”。
       ClCompile:
         f:\MyDownloads\VC\bin\CL.exe /c /ZI /nologo /W3 /WX- /Od /Oy- /D WIN32 /D _DEBUG /D _CONSOLE /D _UNICODE /D UNICODE /Gm /EHsc /RTC1 /MDd /GS /fp:precise /Zc:wchar_t /Zc:forScope /Fo"Debug\\" /Fd"Debug\vc100.pdb" /Gd /TP /analyze- /errorReport:prompt main.cpp
         main.cpp
     1>f:\！\操作系统\实验\1\4\4\main.cpp(1): warning C4067: 预处理器指令后有意外标记 - 应输入换行符
     1>f:\！\操作系统\实验\1\4\4\main.cpp(2): warning C4067: 预处理器指令后有意外标记 - 应输入换行符
     1>f:\！\操作系统\实验\1\4\4\main.cpp(3): warning C4067: 预处理器指令后有意外标记 - 应输入换行符
     1>f:\！\操作系统\实验\1\4\4\main.cpp(4): warning C4067: 预处理器指令后有意外标记 - 应输入换行符
     1>f:\！\操作系统\实验\1\4\4\main.cpp(39): warning C4996: 'scanf': This function or variable may be unsafe. Consider using scanf_s instead. To disable deprecation, use _CRT_SECURE_NO_WARNINGS. See online help for details.
                 f:\mydownloads\vc\include\stdio.h(304) : 参见“scanf”的声明
     1>f:\！\操作系统\实验\1\4\4\main.cpp(159): warning C4996: 'scanf': This function or variable may be unsafe. Consider using scanf_s instead. To disable deprecation, use _CRT_SECURE_NO_WARNINGS. See online help for details.
                 f:\mydownloads\vc\include\stdio.h(304) : 参见“scanf”的声明
     1>f:\！\操作系统\实验\1\4\4\main.cpp(164): warning C4996: 'scanf': This function or variable may be unsafe. Consider using scanf_s instead. To disable deprecation, use _CRT_SECURE_NO_WARNINGS. See online help for details.
                 f:\mydownloads\vc\include\stdio.h(304) : 参见“scanf”的声明
     1>f:\！\操作系统\实验\1\4\4\main.cpp(166): warning C4996: 'scanf': This function or variable may be unsafe. Consider using scanf_s instead. To disable deprecation, use _CRT_SECURE_NO_WARNINGS. See online help for details.
                 f:\mydownloads\vc\include\stdio.h(304) : 参见“scanf”的声明
     1>f:\！\操作系统\实验\1\4\4\main.cpp(167): warning C4996: 'strcpy': This function or variable may be unsafe. Consider using strcpy_s instead. To disable deprecation, use _CRT_SECURE_NO_WARNINGS. See online help for details.
                 f:\mydownloads\vc\include\string.h(105) : 参见“strcpy”的声明
     1>f:\！\操作系统\实验\1\4\4\main.cpp(240): warning C4996: 'scanf': This function or variable may be unsafe. Consider using scanf_s instead. To disable deprecation, use _CRT_SECURE_NO_WARNINGS. See online help for details.
                 f:\mydownloads\vc\include\stdio.h(304) : 参见“scanf”的声明
     1>f:\！\操作系统\实验\1\4\4\main.cpp(245): warning C4996: 'scanf': This function or variable may be unsafe. Consider using scanf_s instead. To disable deprecation, use _CRT_SECURE_NO_WARNINGS. See online help for details.
                 f:\mydownloads\vc\include\stdio.h(304) : 参见“scanf”的声明
     1>f:\！\操作系统\实验\1\4\4\main.cpp(247): warning C4996: 'scanf': This function or variable may be unsafe. Consider using scanf_s instead. To disable deprecation, use _CRT_SECURE_NO_WARNINGS. See online help for details.
                 f:\mydownloads\vc\include\stdio.h(304) : 参见“scanf”的声明
     1>f:\！\操作系统\实验\1\4\4\main.cpp(248): warning C4996: 'strcpy': This function or variable may be unsafe. Consider using strcpy_s instead. To disable deprecation, use _CRT_SECURE_NO_WARNINGS. See online help for details.
                 f:\mydownloads\vc\include\string.h(105) : 参见“strcpy”的声明
       ManifestResourceCompile:
         C:\Program Files (x86)\Microsoft SDKs\Windows\v7.0A\bin\rc.exe /nologo /fo"Debug\4.exe.embed.manifest.res" Debug\4_manifest.rc 
       Link:
         f:\MyDownloads\VC\bin\link.exe /ERRORREPORT:PROMPT /OUT:"F:\！\操作系统\实验\1\4\Debug\4.exe" /INCREMENTAL /NOLOGO kernel32.lib user32.lib gdi32.lib winspool.lib comdlg32.lib advapi32.lib shell32.lib ole32.lib oleaut32.lib uuid.lib odbc32.lib odbccp32.lib /MANIFEST /ManifestFile:"Debug\4.exe.intermediate.manifest" /MANIFESTUAC:"level='asInvoker' uiAccess='false'" /DEBUG /PDB:"F:\！\操作系统\实验\1\4\Debug\4.pdb" /SUBSYSTEM:CONSOLE /TLBID:1 /DYNAMICBASE /NXCOMPAT /IMPLIB:"F:\！\操作系统\实验\1\4\Debug\4.lib" /MACHINE:X86 Debug\4.exe.embed.manifest.res
         Debug\main.obj
       Manifest:
         C:\Program Files (x86)\Microsoft SDKs\Windows\v7.0A\bin\mt.exe /nologo /verbose /out:"Debug\4.exe.embed.manifest" /manifest Debug\4.exe.intermediate.manifest
         C:\Program Files (x86)\Microsoft SDKs\Windows\v7.0A\bin\rc.exe /nologo /fo"Debug\4.exe.embed.manifest.res" Debug\4_manifest.rc 
       LinkEmbedManifest:
         f:\MyDownloads\VC\bin\link.exe /ERRORREPORT:PROMPT /OUT:"F:\！\操作系统\实验\1\4\Debug\4.exe" /INCREMENTAL /NOLOGO kernel32.lib user32.lib gdi32.lib winspool.lib comdlg32.lib advapi32.lib shell32.lib ole32.lib oleaut32.lib uuid.lib odbc32.lib odbccp32.lib /MANIFEST /ManifestFile:"Debug\4.exe.intermediate.manifest" /MANIFESTUAC:"level='asInvoker' uiAccess='false'" /DEBUG /PDB:"F:\！\操作系统\实验\1\4\Debug\4.pdb" /SUBSYSTEM:CONSOLE /TLBID:1 /DYNAMICBASE /NXCOMPAT /IMPLIB:"F:\！\操作系统\实验\1\4\Debug\4.lib" /MACHINE:X86 Debug\4.exe.embed.manifest.res
         Debug\main.obj
         4.vcxproj -> F:\！\操作系统\实验\1\4\Debug\4.exe
       FinalizeBuildStatus:
         正在删除文件“Debug\4.unsuccessfulbuild”。
         正在对“Debug\4.lastbuildstate”执行 Touch 任务。
     1>已完成生成项目“F:\！\操作系统\实验\1\4\4\4.vcxproj”(build 个目标)的操作。

生成成功。

已用时间 00:00:11.45
